# JRE version: OpenJDK Runtime Environment (8.0_152-b01) (build 1.8.0_152-release-915-b01)
# Java VM: OpenJDK 64-Bit Server VM (25.152-b01 mixed mode windows-amd64 compressed oops)
Heap:
 PSYoungGen      total 199680K, used 48021K [0x00000000e0000000, 0x00000000edf80000, 0x0000000100000000)
  eden space 172544K, 12% used [0x00000000e0000000,0x00000000e146a800,0x00000000ea880000)
  from space 27136K, 99% used [0x00000000ea880000,0x00000000ec2facf0,0x00000000ec300000)
  to   space 21504K, 0% used [0x00000000ec300000,0x00000000ec300000,0x00000000ed800000)
 ParOldGen       total 161280K, used 47660K [0x00000000a0000000, 0x00000000a9d80000, 0x00000000e0000000)
  object space 161280K, 29% used [0x00000000a0000000,0x00000000a2e8b340,0x00000000a9d80000)
 Metaspace       used 66756K, capacity 70472K, committed 70616K, reserved 1110016K
  class space    used 8768K, capacity 9659K, committed 9728K, reserved 1048576K
GC Heap History (10 events):
Event: 14.748 GC heap before
{Heap before GC invocations=12 (full 2):
 PSYoungGen      total 158208K, used 123488K [0x00000000e0000000, 0x00000000eb500000, 0x0000000100000000)
  eden space 146944K, 76% used [0x00000000e0000000,0x00000000e6d98b70,0x00000000e8f80000)
  from space 11264K, 99% used [0x00000000e8f80000,0x00000000e9a7f5a8,0x00000000e9a80000)
  to   space 14336K, 0% used [0x00000000ea700000,0x00000000ea700000,0x00000000eb500000)
 ParOldGen       total 101888K, used 20161K [0x00000000a0000000, 0x00000000a6380000, 0x00000000e0000000)
  object space 101888K, 19% used [0x00000000a0000000,0x00000000a13b0638,0x00000000a6380000)
 Metaspace       used 56770K, capacity 58888K, committed 59028K, reserved 1099776K
  class space    used 7623K, capacity 8177K, committed 8192K, reserved 1048576K
Event: 14.783 GC heap after
Heap after GC invocations=12 (full 2):
 PSYoungGen      total 166400K, used 14317K [0x00000000e0000000, 0x00000000ed400000, 0x0000000100000000)
  eden space 152064K, 0% used [0x00000000e0000000,0x00000000e0000000,0x00000000e9480000)
  from space 14336K, 99% used [0x00000000ea700000,0x00000000eb4fb4e0,0x00000000eb500000)
  to   space 18944K, 0% used [0x00000000e9480000,0x00000000e9480000,0x00000000ea700000)
 ParOldGen       total 101888K, used 29003K [0x00000000a0000000, 0x00000000a6380000, 0x00000000e0000000)
  object space 101888K, 28% used [0x00000000a0000000,0x00000000a1c52f60,0x00000000a6380000)
 Metaspace       used 56770K, capacity 58888K, committed 59028K, reserved 1099776K
  class space    used 7623K, capacity 8177K, committed 8192K, reserved 1048576K
}
Event: 14.783 GC heap before
{Heap before GC invocations=13 (full 3):
 PSYoungGen      total 166400K, used 14317K [0x00000000e0000000, 0x00000000ed400000, 0x0000000100000000)
  eden space 152064K, 0% used [0x00000000e0000000,0x00000000e0000000,0x00000000e9480000)
  from space 14336K, 99% used [0x00000000ea700000,0x00000000eb4fb4e0,0x00000000eb500000)
  to   space 18944K, 0% used [0x00000000e9480000,0x00000000e9480000,0x00000000ea700000)
 ParOldGen       total 101888K, used 29003K [0x00000000a0000000, 0x00000000a6380000, 0x00000000e0000000)
  object space 101888K, 28% used [0x00000000a0000000,0x00000000a1c52f60,0x00000000a6380000)
 Metaspace       used 56770K, capacity 58888K, committed 59028K, reserved 1099776K
  class space    used 7623K, capacity 8177K, committed 8192K, reserved 1048576K
Event: 15.078 GC heap after
Heap after GC invocations=13 (full 3):
 PSYoungGen      total 166400K, used 0K [0x00000000e0000000, 0x00000000ed400000, 0x0000000100000000)
  eden space 152064K, 0% used [0x00000000e0000000,0x00000000e0000000,0x00000000e9480000)
  from space 14336K, 0% used [0x00000000ea700000,0x00000000ea700000,0x00000000eb500000)
  to   space 18944K, 0% used [0x00000000e9480000,0x00000000e9480000,0x00000000ea700000)
 ParOldGen       total 161280K, used 36959K [0x00000000a0000000, 0x00000000a9d80000, 0x00000000e0000000)
  object space 161280K, 22% used [0x00000000a0000000,0x00000000a2417f80,0x00000000a9d80000)
 Metaspace       used 56770K, capacity 58888K, committed 59028K, reserved 1099776K
  class space    used 7623K, capacity 8177K, committed 8192K, reserved 1048576K
}
Event: 16.645 GC heap before
{Heap before GC invocations=14 (full 3):
 PSYoungGen      total 166400K, used 152064K [0x00000000e0000000, 0x00000000ed400000, 0x0000000100000000)
  eden space 152064K, 100% used [0x00000000e0000000,0x00000000e9480000,0x00000000e9480000)
  from space 14336K, 0% used [0x00000000ea700000,0x00000000ea700000,0x00000000eb500000)
  to   space 18944K, 0% used [0x00000000e9480000,0x00000000e9480000,0x00000000ea700000)
 ParOldGen       total 161280K, used 36959K [0x00000000a0000000, 0x00000000a9d80000, 0x00000000e0000000)
  object space 161280K, 22% used [0x00000000a0000000,0x00000000a2417f80,0x00000000a9d80000)
 Metaspace       used 59096K, capacity 61584K, committed 61912K, reserved 1101824K
  class space    used 7998K, capacity 8625K, committed 8704K, reserved 1048576K
Event: 16.666 GC heap after
Heap after GC invocations=14 (full 3):
 PSYoungGen      total 171008K, used 18937K [0x00000000e0000000, 0x00000000ed800000, 0x0000000100000000)
  eden space 152064K, 0% used [0x00000000e0000000,0x00000000e0000000,0x00000000e9480000)
  from space 18944K, 99% used [0x00000000e9480000,0x00000000ea6fe440,0x00000000ea700000)
  to   space 21504K, 0% used [0x00000000ec300000,0x00000000ec300000,0x00000000ed800000)
 ParOldGen       total 161280K, used 37036K [0x00000000a0000000, 0x00000000a9d80000, 0x00000000e0000000)
  object space 161280K, 22% used [0x00000000a0000000,0x00000000a242b150,0x00000000a9d80000)
 Metaspace       used 59096K, capacity 61584K, committed 61912K, reserved 1101824K
  class space    used 7998K, capacity 8625K, committed 8704K, reserved 1048576K
}
Event: 27.891 GC heap before
{Heap before GC invocations=15 (full 3):
 PSYoungGen      total 171008K, used 171001K [0x00000000e0000000, 0x00000000ed800000, 0x0000000100000000)
  eden space 152064K, 100% used [0x00000000e0000000,0x00000000e9480000,0x00000000e9480000)
  from space 18944K, 99% used [0x00000000e9480000,0x00000000ea6fe440,0x00000000ea700000)
  to   space 21504K, 0% used [0x00000000ec300000,0x00000000ec300000,0x00000000ed800000)
 ParOldGen       total 161280K, used 37036K [0x00000000a0000000, 0x00000000a9d80000, 0x00000000e0000000)
  object space 161280K, 22% used [0x00000000a0000000,0x00000000a242b150,0x00000000a9d80000)
 Metaspace       used 64421K, capacity 67574K, committed 67672K, reserved 1107968K
  class space    used 8468K, capacity 9257K, committed 9344K, reserved 1048576K
Event: 27.931 GC heap after
Heap after GC invocations=15 (full 3):
 PSYoungGen      total 194048K, used 21499K [0x00000000e0000000, 0x00000000edf80000, 0x0000000100000000)
  eden space 172544K, 0% used [0x00000000e0000000,0x00000000e0000000,0x00000000ea880000)
  from space 21504K, 99% used [0x00000000ec300000,0x00000000ed7fece0,0x00000000ed800000)
  to   space 27136K, 0% used [0x00000000ea880000,0x00000000ea880000,0x00000000ec300000)
 ParOldGen       total 161280K, used 45029K [0x00000000a0000000, 0x00000000a9d80000, 0x00000000e0000000)
  object space 161280K, 27% used [0x00000000a0000000,0x00000000a2bf9668,0x00000000a9d80000)
 Metaspace       used 64421K, capacity 67574K, committed 67672K, reserved 1107968K
  class space    used 8468K, capacity 9257K, committed 9344K, reserved 1048576K
}
Event: 96.648 GC heap before
{Heap before GC invocations=16 (full 3):
 PSYoungGen      total 194048K, used 194043K [0x00000000e0000000, 0x00000000edf80000, 0x0000000100000000)
  eden space 172544K, 100% used [0x00000000e0000000,0x00000000ea880000,0x00000000ea880000)
  from space 21504K, 99% used [0x00000000ec300000,0x00000000ed7fece0,0x00000000ed800000)
  to   space 27136K, 0% used [0x00000000ea880000,0x00000000ea880000,0x00000000ec300000)
 ParOldGen       total 161280K, used 45029K [0x00000000a0000000, 0x00000000a9d80000, 0x00000000e0000000)
  object space 161280K, 27% used [0x00000000a0000000,0x00000000a2bf9668,0x00000000a9d80000)
 Metaspace       used 66170K, capacity 69824K, committed 69976K, reserved 1110016K
  class space    used 8683K, capacity 9575K, committed 9600K, reserved 1048576K
Event: 96.735 GC heap after
Heap after GC invocations=16 (full 3):
 PSYoungGen      total 199680K, used 27115K [0x00000000e0000000, 0x00000000edf80000, 0x0000000100000000)
  eden space 172544K, 0% used [0x00000000e0000000,0x00000000e0000000,0x00000000ea880000)
  from space 27136K, 99% used [0x00000000ea880000,0x00000000ec2facf0,0x00000000ec300000)
  to   space 21504K, 0% used [0x00000000ec300000,0x00000000ec300000,0x00000000ed800000)
 ParOldGen       total 161280K, used 47660K [0x00000000a0000000, 0x00000000a9d80000, 0x00000000e0000000)
  object space 161280K, 29% used [0x00000000a0000000,0x00000000a2e8b340,0x00000000a9d80000)
 Metaspace       used 66170K, capacity 69824K, committed 69976K, reserved 1110016K
  class space    used 8683K, capacity 9575K, committed 9600K, reserved 1048576K
}

